<?xml version="1.0" encoding="UTF-8"?>
<testsuite name="TestSuite" time="177.477" tests="3" errors="0" skipped="0" failures="1">
  <properties>
[...]
</properties>
  <testcase name="CLickLinks" classname="Smoke_Test.home_page_with_all_links" time="102.299"/>
  <testcase name="aboutus" classname="Smoke_Test.Click_aboutus_nav_home" time="19.873"/>
  <testcase name="Contactus" classname="Smoke_Test.Click_Email_Nav_Home" time="55.305">
    <failure message="Unable to locate element: /html/body/section[2]/nav/div[2]/div/a[6]/ko&#10;For documentation on this error, please visit: http://seleniumhq.org/exceptions/no_such_element.html&#10;Build info: version: &apos;3.5.1&apos;, revision: &apos;9c21bb67ef&apos;, time: &apos;2017-08-17T15:26:08.955Z&apos;&#10;System info: host: &apos;DESKTOP-8I9F5N5&apos;, ip: &apos;192.168.0.4&apos;, os.name: &apos;Windows 10&apos;, os.arch: &apos;amd64&apos;, os.version: &apos;10.0&apos;, java.version: &apos;1.8.0_241&apos;&#10;Driver info: org.openqa.selenium.firefox.FirefoxDriver&#10;Capabilities [{moz:profile=C:\Users\Keyutech\AppData\Local\Temp\rust_mozprofilerpSYcL, rotatable=false, moz:geckodriverVersion=0.26.0, timeouts={implicit=0.0, pageLoad=300000.0, script=30000.0}, pageLoadStrategy=normal, unhandledPromptBehavior=dismiss and notify, strictFileInteractability=false, moz:headless=false, platform=ANY, moz:accessibilityChecks=false, moz:useNonSpecCompliantPointerOrigin=false, acceptInsecureCerts=false, browserVersion=72.0.2, moz:shutdownTimeout=60000.0, platformVersion=10.0, moz:processID=16656.0, browserName=firefox, moz:buildID=20200117190643, javascriptEnabled=true, platformName=windows, setWindowRect=true, moz:webdriverClick=true}]&#10;Session ID: 53ceb851-9695-4437-95c4-33769ed8da1c&#10;*** Element info: {Using=xpath, value=/html/body/section[2]/nav/div[2]/div/a[6]/ko}" type="org.openqa.selenium.NoSuchElementException">org.openqa.selenium.NoSuchElementException: Unable to locate element: /html/body/section[2]/nav/div[2]/div/a[6]/ko
For documentation on this error, please visit: http://seleniumhq.org/exceptions/no_such_element.html
Build info: version: '3.5.1', revision: '9c21bb67ef', time: '2017-08-17T15:26:08.955Z'
System info: host: 'DESKTOP-8I9F5N5', ip: '192.168.0.4', os.name: 'Windows 10', os.arch: 'amd64', os.version: '10.0', java.version: '1.8.0_241'
Driver info: org.openqa.selenium.firefox.FirefoxDriver
Capabilities [{moz:profile=C:\Users\Keyutech\AppData\Local\Temp\rust_mozprofilerpSYcL, rotatable=false, moz:geckodriverVersion=0.26.0, timeouts={implicit=0.0, pageLoad=300000.0, script=30000.0}, pageLoadStrategy=normal, unhandledPromptBehavior=dismiss and notify, strictFileInteractability=false, moz:headless=false, platform=ANY, moz:accessibilityChecks=false, moz:useNonSpecCompliantPointerOrigin=false, acceptInsecureCerts=false, browserVersion=72.0.2, moz:shutdownTimeout=60000.0, platformVersion=10.0, moz:processID=16656.0, browserName=firefox, moz:buildID=20200117190643, javascriptEnabled=true, platformName=windows, setWindowRect=true, moz:webdriverClick=true}]
Session ID: 53ceb851-9695-4437-95c4-33769ed8da1c
*** Element info: {Using=xpath, value=/html/body/section[2]/nav/div[2]/div/a[6]/ko}
	at sun.reflect.NativeConstructorAccessorImpl.newInstance0(Native Method)
	at sun.reflect.NativeConstructorAccessorImpl.newInstance(NativeConstructorAccessorImpl.java:62)
	at sun.reflect.DelegatingConstructorAccessorImpl.newInstance(DelegatingConstructorAccessorImpl.java:45)
	at java.lang.reflect.Constructor.newInstance(Constructor.java:423)
	at org.openqa.selenium.remote.http.W3CHttpResponseCodec.createException(W3CHttpResponseCodec.java:185)
	at org.openqa.selenium.remote.http.W3CHttpResponseCodec.decode(W3CHttpResponseCodec.java:120)
	at org.openqa.selenium.remote.http.W3CHttpResponseCodec.decode(W3CHttpResponseCodec.java:49)
	at org.openqa.selenium.remote.HttpCommandExecutor.execute(HttpCommandExecutor.java:164)
	at org.openqa.selenium.remote.service.DriverCommandExecutor.execute(DriverCommandExecutor.java:82)
	at org.openqa.selenium.remote.RemoteWebDriver.execute(RemoteWebDriver.java:641)
	at org.openqa.selenium.remote.RemoteWebDriver.findElement(RemoteWebDriver.java:414)
	at org.openqa.selenium.remote.RemoteWebDriver.findElementByXPath(RemoteWebDriver.java:513)
	at org.openqa.selenium.By$ByXPath.findElement(By.java:361)
	at org.openqa.selenium.remote.RemoteWebDriver.findElement(RemoteWebDriver.java:406)
	at Base.Basetest.click(Basetest.java:86)
	at Smoke_Test.Click_Email_Nav_Home.Contactus(Click_Email_Nav_Home.java:35)
</failure>
    <system-out><![CDATA[20:14:40.595 [RxCachedThreadScheduler-5] DEBUG com.epam.reportportal.service.Launch - Starting test item...RxCachedThreadScheduler-5
20:14:41.598 [RxCachedThreadScheduler-2] DEBUG com.epam.reportportal.service.Launch - null
20:14:41.887 [RxCachedThreadScheduler-4] DEBUG com.epam.reportportal.service.Launch - ReportPortal item with ID '8328cca7-eb26-4927-b8ed-63adef87b632' has been created
2020-02-12 20:14:44,426 [main] INFO  Base.Basetest - Firefox Browser Opened Sucessfully
2020-02-12 20:14:55,706 [main] INFO  Base.Basetest - Passing URL 
]]></system-out>
    <system-err><![CDATA[1581518681167	mozrunner::runner	INFO	Running command: "C:\\Program Files\\Mozilla Firefox\\firefox.exe" "-marionette" "-foreground" "-no-remote" "-profile" "C:\\Users\\Keyutech\\AppData\\Local\\Temp\\rust_mozprofilerpSYcL"
1581518681680	addons.webextension.doh-rollout@mozilla.org	WARN	Loading extension 'doh-rollout@mozilla.org': Reading manifest: Invalid extension permission: networkStatus
1581518681793	addons.webextension.screenshots@mozilla.org	WARN	Loading extension 'screenshots@mozilla.org': Reading manifest: Invalid extension permission: mozillaAddons
1581518681793	addons.webextension.screenshots@mozilla.org	WARN	Loading extension 'screenshots@mozilla.org': Reading manifest: Invalid extension permission: telemetry
1581518681793	addons.webextension.screenshots@mozilla.org	WARN	Loading extension 'screenshots@mozilla.org': Reading manifest: Invalid extension permission: resource://pdf.js/
1581518681793	addons.webextension.screenshots@mozilla.org	WARN	Loading extension 'screenshots@mozilla.org': Reading manifest: Invalid extension permission: about:reader*
JavaScript error: resource://gre/modules/XULStore.jsm, line 66: Error: Can't find profile directory.
1581518683801	Marionette	INFO	Listening on port 50218
Feb 12, 2020 8:14:44 PM org.openqa.selenium.remote.ProtocolHandshake createSession
INFO: Detected dialect: W3C
]]></system-err>
  </testcase>
</testsuite>